{"/Users/johnrocela/Desktop/paloit/singtel/pages/index.jsx": {"path":"/Users/johnrocela/Desktop/paloit/singtel/pages/index.jsx","statementMap":{"0":{"start":{"line":7,"column":11},"end":{"line":7,"column":34}},"1":{"start":{"line":11,"column":4},"end":{"line":23,"column":5}},"2":{"start":{"line":12,"column":21},"end":{"line":14,"column":8}},"3":{"start":{"line":15,"column":6},"end":{"line":15,"column":30}},"4":{"start":{"line":17,"column":23},"end":{"line":21,"column":7}},"5":{"start":{"line":22,"column":6},"end":{"line":22,"column":34}},"6":{"start":{"line":27,"column":4},"end":{"line":27,"column":17}},"7":{"start":{"line":28,"column":4},"end":{"line":31,"column":6}},"8":{"start":{"line":35,"column":4},"end":{"line":35,"column":50}},"9":{"start":{"line":39,"column":17},"end":{"line":39,"column":32}},"10":{"start":{"line":40,"column":4},"end":{"line":40,"column":111}},"11":{"start":{"line":41,"column":4},"end":{"line":41,"column":28}},"12":{"start":{"line":45,"column":4},"end":{"line":94,"column":6}},"13":{"start":{"line":55,"column":16},"end":{"line":70,"column":22}},"14":{"start":{"line":61,"column":33},"end":{"line":61,"column":50}},"15":{"start":{"line":75,"column":67},"end":{"line":75,"column":97}},"16":{"start":{"line":77,"column":20},"end":{"line":79,"column":29}},"17":{"start":{"line":85,"column":18},"end":{"line":87,"column":27}},"18":{"start":{"line":85,"column":74},"end":{"line":85,"column":104}}},"fnMap":{"0":{"name":"(anonymous_0)","decl":{"start":{"line":10,"column":2},"end":{"line":10,"column":3}},"loc":{"start":{"line":10,"column":33},"end":{"line":24,"column":3}},"line":10},"1":{"name":"(anonymous_1)","decl":{"start":{"line":26,"column":2},"end":{"line":26,"column":3}},"loc":{"start":{"line":26,"column":21},"end":{"line":32,"column":3}},"line":26},"2":{"name":"(anonymous_2)","decl":{"start":{"line":34,"column":2},"end":{"line":34,"column":3}},"loc":{"start":{"line":34,"column":22},"end":{"line":36,"column":3}},"line":34},"3":{"name":"(anonymous_3)","decl":{"start":{"line":38,"column":2},"end":{"line":38,"column":3}},"loc":{"start":{"line":38,"column":27},"end":{"line":42,"column":3}},"line":38},"4":{"name":"(anonymous_4)","decl":{"start":{"line":44,"column":2},"end":{"line":44,"column":3}},"loc":{"start":{"line":44,"column":11},"end":{"line":95,"column":3}},"line":44},"5":{"name":"(anonymous_5)","decl":{"start":{"line":54,"column":35},"end":{"line":54,"column":36}},"loc":{"start":{"line":55,"column":16},"end":{"line":70,"column":22}},"line":55},"6":{"name":"(anonymous_6)","decl":{"start":{"line":61,"column":27},"end":{"line":61,"column":28}},"loc":{"start":{"line":61,"column":33},"end":{"line":61,"column":50}},"line":61},"7":{"name":"(anonymous_7)","decl":{"start":{"line":75,"column":62},"end":{"line":75,"column":63}},"loc":{"start":{"line":75,"column":67},"end":{"line":75,"column":97}},"line":75},"8":{"name":"(anonymous_8)","decl":{"start":{"line":76,"column":39},"end":{"line":76,"column":40}},"loc":{"start":{"line":77,"column":20},"end":{"line":79,"column":29}},"line":77},"9":{"name":"(anonymous_9)","decl":{"start":{"line":84,"column":47},"end":{"line":84,"column":48}},"loc":{"start":{"line":85,"column":18},"end":{"line":87,"column":27}},"line":85},"10":{"name":"(anonymous_10)","decl":{"start":{"line":85,"column":68},"end":{"line":85,"column":69}},"loc":{"start":{"line":85,"column":74},"end":{"line":85,"column":104}},"line":85}},"branchMap":{"0":{"loc":{"start":{"line":29,"column":12},"end":{"line":29,"column":49}},"type":"cond-expr","locations":[{"start":{"line":29,"column":27},"end":{"line":29,"column":44}},{"start":{"line":29,"column":47},"end":{"line":29,"column":49}}],"line":29},"1":{"loc":{"start":{"line":40,"column":32},"end":{"line":40,"column":110}},"type":"cond-expr","locations":[{"start":{"line":40,"column":73},"end":{"line":40,"column":74}},{"start":{"line":40,"column":77},"end":{"line":40,"column":110}}],"line":40},"2":{"loc":{"start":{"line":50,"column":9},"end":{"line":92,"column":9}},"type":"binary-expr","locations":[{"start":{"line":50,"column":9},"end":{"line":50,"column":24}},{"start":{"line":51,"column":10},"end":{"line":91,"column":16}}],"line":50},"3":{"loc":{"start":{"line":74,"column":15},"end":{"line":82,"column":15}},"type":"binary-expr","locations":[{"start":{"line":74,"column":15},"end":{"line":74,"column":30}},{"start":{"line":75,"column":16},"end":{"line":81,"column":25}}],"line":74}},"s":{"0":1,"1":1,"2":1,"3":1,"4":0,"5":0,"6":8,"7":8,"8":2,"9":2,"10":2,"11":2,"12":13,"13":39,"14":1,"15":1,"16":39,"17":52,"18":2},"f":{"0":1,"1":8,"2":2,"3":2,"4":13,"5":39,"6":1,"7":1,"8":39,"9":52,"10":2},"b":{"0":[8,0],"1":[1,1],"2":[13,13],"3":[13,13]},"_coverageSchema":"43e27e138ebf9cfc5966b082cf9a028302ed4184","hash":"b951b48cb3cdd16e956c00fb8496fda33d8432b2"}
}
