TN:
SF:/Users/johnrocela/Desktop/paloit/singtel/pages/index.jsx
FN:10,(anonymous_0)
FN:26,(anonymous_1)
FN:34,(anonymous_2)
FN:38,(anonymous_3)
FN:44,(anonymous_4)
FN:54,(anonymous_5)
FN:61,(anonymous_6)
FN:75,(anonymous_7)
FN:76,(anonymous_8)
FN:84,(anonymous_9)
FN:85,(anonymous_10)
FNF:11
FNH:11
FNDA:1,(anonymous_0)
FNDA:8,(anonymous_1)
FNDA:2,(anonymous_2)
FNDA:2,(anonymous_3)
FNDA:13,(anonymous_4)
FNDA:39,(anonymous_5)
FNDA:1,(anonymous_6)
FNDA:1,(anonymous_7)
FNDA:39,(anonymous_8)
FNDA:52,(anonymous_9)
FNDA:2,(anonymous_10)
DA:7,1
DA:11,1
DA:12,1
DA:15,1
DA:17,0
DA:22,0
DA:27,8
DA:28,8
DA:35,2
DA:39,2
DA:40,2
DA:41,2
DA:45,13
DA:55,39
DA:61,1
DA:75,1
DA:77,39
DA:85,52
LF:18
LH:16
BRDA:29,0,0,8
BRDA:29,0,1,0
BRDA:40,1,0,1
BRDA:40,1,1,1
BRDA:50,2,0,13
BRDA:50,2,1,13
BRDA:74,3,0,13
BRDA:74,3,1,13
BRF:8
BRH:7
end_of_record
